<?xml version="1.0" encoding="UTF-8"?>
<!-- Generated by org.testng.reporters.JUnitReportReporter -->
<testsuite skipped="0" hostname="RLIMSI-SYS207" name="firsttestngpackage.DemoB" tests="2" failures="0" timestamp="18 Jul 2017 13:01:09 GMT" time="0.003" errors="0">
  <testcase name="testDemoB1" time="0.002" classname="firsttestngpackage.DemoB"/>
  <testcase name="testDemoB" time="0.001" classname="firsttestngpackage.DemoB"/>
</testsuite> <!-- firsttestngpackage.DemoB -->
