<?xml version="1.0" encoding="UTF-8"?>
<!-- Generated by org.testng.reporters.JUnitReportReporter -->
<testsuite skipped="0" hostname="RLIMSI-SYS207" name="firsttestngpackage.demo1" tests="1" failures="0" timestamp="27 Jun 2017 11:31:38 GMT" time="0.001" errors="0">
  <testcase name="abcd" time="0.001" classname="firsttestngpackage.demo1"/>
</testsuite> <!-- firsttestngpackage.demo1 -->
