<?xml version="1.0" encoding="UTF-8"?>
<!-- Generated by org.testng.reporters.JUnitReportReporter -->
<testsuite skipped="0" hostname="RLIMSI-SYS207" name="firsttestngpackage.DemoC" tests="2" failures="0" timestamp="27 Jun 2017 13:04:35 GMT" time="0.005" errors="0">
  <testcase name="testDemoB1" time="0.003" classname="firsttestngpackage.DemoC"/>
  <testcase name="testDemoB" time="0.002" classname="firsttestngpackage.DemoC"/>
</testsuite> <!-- firsttestngpackage.DemoC -->
