<?xml version="1.0" encoding="UTF-8"?>
<!-- Generated by org.testng.reporters.JUnitReportReporter -->
<testsuite skipped="0" hostname="RLIMSI-SYS207" name="firsttestngpackage.DemoA" tests="1" failures="0" timestamp="18 Jul 2017 13:01:09 GMT" time="0.002" errors="0">
  <testcase name="testDemoA" time="0.002" classname="firsttestngpackage.DemoA"/>
</testsuite> <!-- firsttestngpackage.DemoA -->
